\BOOKMARK [0][-]{chapter.1}{\376\377\000W\000h\000a\000t\000\040\000i\000s\000\040\000P\000E\000T\000G\000E\000M\000?}{}% 1
\BOOKMARK [0][-]{chapter.2}{\376\377\000F\000e\000a\000t\000u\000r\000e\000s}{}% 2
\BOOKMARK [1][-]{section.2.1}{\376\377\000S\000o\000f\000t\000w\000a\000r\000e\000\040\000s\000t\000a\000c\000k}{chapter.2}% 3
\BOOKMARK [1][-]{section.2.2}{\376\377\000P\000r\000o\000g\000r\000a\000m\000m\000i\000n\000g\000\040\000l\000a\000n\000g\000u\000a\000g\000e}{chapter.2}% 4
\BOOKMARK [1][-]{section.2.3}{\376\377\000T\000a\000r\000g\000e\000t\000\040\000a\000r\000c\000h\000i\000t\000e\000c\000t\000u\000r\000e}{chapter.2}% 5
\BOOKMARK [0][-]{chapter.3}{\376\377\000C\000S\000E\000M\000/\000M\000T\000\040\000f\000o\000r\000w\000a\000r\000d\000\040\000m\000o\000d\000e\000l\000i\000n\000g\000\040\000\046\000\040\000H\000i\000g\000h\000-\000o\000r\000d\000e\000r\000\040\000e\000d\000g\000e\000\040\000f\000i\000n\000i\000t\000e\000\040\000e\000l\000e\000m\000e\000n\000t\000\040\000m\000e\000t\000h\000o\000d}{}% 6
\BOOKMARK [0][-]{chapter.4}{\376\377\000I\000n\000s\000t\000a\000l\000l\000a\000t\000i\000o\000n}{}% 7
\BOOKMARK [1][-]{section.4.1}{\376\377\000R\000e\000q\000u\000i\000r\000e\000m\000e\000n\000t\000s}{chapter.4}% 8
\BOOKMARK [1][-]{section.4.2}{\376\377\000I\000n\000s\000t\000a\000l\000l\000\040\000P\000E\000T\000G\000E\000M}{chapter.4}% 9
\BOOKMARK [1][-]{section.4.3}{\376\377\000D\000o\000w\000n\000l\000o\000a\000d\000i\000n\000g\000\040\000a\000n\000d\000\040\000b\000u\000i\000l\000d\000i\000n\000g\000\040\000P\000E\000T\000G\000E\000M}{chapter.4}% 10
\BOOKMARK [1][-]{section.4.4}{\376\377\000B\000u\000i\000l\000d\000\040\000d\000o\000c\000u\000m\000e\000n\000t\000a\000t\000i\000o\000n}{chapter.4}% 11
\BOOKMARK [0][-]{chapter.5}{\376\377\000T\000u\000t\000o\000r\000i\000a\000l}{}% 12
\BOOKMARK [1][-]{section.5.1}{\376\377\000B\000a\000s\000i\000c\000\040\000n\000o\000t\000i\000o\000n\000s}{chapter.5}% 13
\BOOKMARK [1][-]{section.5.2}{\376\377\000R\000u\000n\000n\000i\000n\000g\000\040\000a\000\040\000s\000i\000m\000u\000l\000a\000t\000i\000o\000n}{chapter.5}% 14
\BOOKMARK [1][-]{section.5.3}{\376\377\000M\000o\000d\000e\000l\000\040\000p\000a\000r\000a\000m\000e\000t\000e\000r\000s\000\040\000f\000i\000l\000e}{chapter.5}% 15
\BOOKMARK [1][-]{section.5.4}{\376\377\000V\000i\000s\000u\000a\000l\000i\000z\000a\000t\000i\000o\000n\000\040\000o\000f\000\040\000r\000e\000s\000u\000l\000t\000s}{chapter.5}% 16
\BOOKMARK [0][-]{chapter.6}{\376\377\000M\000a\000n\000u\000a\000l}{}% 17
\BOOKMARK [1][-]{section.6.1}{\376\377\000H\000o\000w\000\040\000g\000e\000n\000e\000r\000a\000t\000e\000\040\000d\000o\000c\000u\000m\000e\000n\000t\000a\000t\000i\000o\000n}{chapter.6}% 18
\BOOKMARK [1][-]{section.6.2}{\376\377\000C\000o\000d\000i\000n\000g\000\040\000s\000t\000y\000l\000e}{chapter.6}% 19
\BOOKMARK [1][-]{section.6.3}{\376\377\000P\000E\000T\000G\000E\000M\000\040\000d\000e\000s\000i\000g\000n}{chapter.6}% 20
\BOOKMARK [2][-]{subsection.6.3.1}{\376\377\000P\000E\000T\000G\000E\000M\000\040\000d\000i\000r\000e\000c\000t\000o\000r\000y\000\040\000s\000t\000r\000u\000c\000t\000u\000r\000e}{section.6.3}% 21
\BOOKMARK [1][-]{section.6.4}{\376\377\000R\000u\000n\000n\000i\000n\000g\000\040\000a\000\040\000s\000i\000m\000u\000l\000a\000t\000i\000o\000n}{chapter.6}% 22
\BOOKMARK [1][-]{section.6.5}{\376\377\000M\000e\000s\000h\000\040\000f\000o\000r\000m\000a\000t\000s}{chapter.6}% 23
\BOOKMARK [1][-]{section.6.6}{\376\377\000A\000v\000a\000i\000l\000a\000b\000l\000e\000\040\000s\000o\000l\000v\000e\000r\000s}{chapter.6}% 24
\BOOKMARK [1][-]{section.6.7}{\376\377\000S\000i\000m\000u\000l\000a\000t\000i\000o\000n\000s\000\040\000i\000n\000\040\000p\000a\000r\000a\000l\000l\000e\000l}{chapter.6}% 25
\BOOKMARK [1][-]{section.6.8}{\376\377\000V\000i\000s\000u\000a\000l\000i\000z\000a\000t\000i\000o\000n\000\040\000o\000f\000\040\000r\000e\000s\000u\000l\000t\000s}{chapter.6}% 26
\BOOKMARK [1][-]{section.6.9}{\376\377\000C\000S\000E\000M\000\040\000e\000x\000a\000m\000p\000l\000e}{chapter.6}% 27
\BOOKMARK [2][-]{subsection.6.9.1}{\376\377\000E\000x\000a\000m\000p\000l\000e\000\040\0001\000:\000\040\000C\000a\000n\000o\000n\000i\000c\000a\000l\000\040\000m\000o\000d\000e\000l\000\040\000o\000f\000\040\000a\000n\000\040\000o\000f\000f\000-\000s\000h\000o\000r\000e\000\040\000h\000y\000d\000r\000o\000c\000a\000r\000b\000o\000n\000\040\000r\000e\000s\000e\000r\000v\000o\000i\000r}{section.6.9}% 28
\BOOKMARK [2][-]{subsection.6.9.2}{\376\377\000E\000x\000a\000m\000p\000l\000e\000\040\0002\000:\000\040\000U\000s\000e\000\040\000o\000f\000\040\000h\000i\000g\000h\000-\000o\000r\000d\000e\000r\000\040\000N\000\351\000d\000\351\000l\000e\000c\000\040\000e\000l\000e\000m\000e\000n\000t\000s}{section.6.9}% 29
\BOOKMARK [2][-]{subsection.6.9.3}{\376\377\000E\000x\000a\000m\000p\000l\000e\000\040\0003\000:\000\040\000U\000s\000e\000\040\000o\000f\000\040\000P\000E\000T\000S\000c\000\040\000s\000o\000l\000v\000e\000r\000s}{section.6.9}% 30
\BOOKMARK [1][-]{section.6.10}{\376\377\000M\000T\000\040\000e\000x\000a\000m\000p\000l\000e}{chapter.6}% 31
\BOOKMARK [2][-]{subsection.6.10.1}{\376\377\000E\000x\000a\000m\000p\000l\000e\000\040\0004\000:\000\040\0003\000D\000\040\000t\000r\000a\000p\000e\000z\000o\000i\000d\000a\000l\000\040\000h\000i\000l\000l\000\040\000m\000o\000d\000e\000l}{section.6.10}% 32
\BOOKMARK [1][-]{section.6.11}{\376\377\000C\000o\000d\000e\000\040\000d\000o\000c\000u\000m\000e\000n\000t\000a\000t\000i\000o\000n}{chapter.6}% 33
\BOOKMARK [2][-]{subsection.6.11.1}{\376\377\000k\000e\000r\000n\000e\000l}{section.6.11}% 34
\BOOKMARK [2][-]{subsection.6.11.2}{\376\377\000C\000o\000m\000m\000o\000n\000\040\000s\000c\000r\000i\000p\000t\000s}{section.6.11}% 35
\BOOKMARK [2][-]{subsection.6.11.3}{\376\377\000P\000r\000e\000-\000p\000r\000o\000c\000e\000s\000s\000i\000n\000g}{section.6.11}% 36
\BOOKMARK [2][-]{subsection.6.11.4}{\376\377\000M\000e\000s\000h\000\040\000s\000c\000r\000i\000p\000t\000s}{section.6.11}% 37
\BOOKMARK [2][-]{subsection.6.11.5}{\376\377\000H\000E\000F\000E\000M\000\040\000s\000c\000r\000i\000p\000t\000s}{section.6.11}% 38
\BOOKMARK [2][-]{subsection.6.11.6}{\376\377\000S\000o\000l\000v\000e\000r}{section.6.11}% 39
\BOOKMARK [2][-]{subsection.6.11.7}{\376\377\000P\000a\000r\000a\000l\000l\000e\000l}{section.6.11}% 40
\BOOKMARK [2][-]{subsection.6.11.8}{\376\377\000P\000o\000s\000t\000-\000p\000r\000o\000c\000e\000s\000s\000i\000n\000g}{section.6.11}% 41
\BOOKMARK [0][-]{chapter.7}{\376\377\000P\000u\000b\000l\000i\000c\000a\000t\000i\000o\000n\000s}{}% 42
\BOOKMARK [0][-]{chapter.8}{\376\377\000S\000u\000p\000p\000o\000r\000t}{}% 43
\BOOKMARK [0][-]{chapter.9}{\376\377\000D\000o\000w\000n\000l\000o\000a\000d}{}% 44
\BOOKMARK [1][-]{section.9.1}{\376\377\000C\000o\000n\000d\000i\000t\000i\000o\000n\000s\000\040\000o\000f\000\040\000u\000s\000e}{chapter.9}% 45
\BOOKMARK [1][-]{section.9.2}{\376\377\000D\000o\000w\000n\000l\000o\000a\000d\000s}{chapter.9}% 46
\BOOKMARK [2][-]{subsection.9.2.1}{\376\377\000S\000c\000r\000i\000p\000t\000s}{section.9.2}% 47
\BOOKMARK [2][-]{subsection.9.2.2}{\376\377\000C\000S\000E\000M\000\040\000e\000x\000a\000m\000p\000l\000e\000s}{section.9.2}% 48
\BOOKMARK [2][-]{subsection.9.2.3}{\376\377\000M\000T\000\040\000e\000x\000a\000m\000p\000l\000e\000s}{section.9.2}% 49
\BOOKMARK [0][-]{chapter.10}{\376\377\000C\000o\000n\000t\000a\000c\000t}{}% 50
\BOOKMARK [0][-]{chapter.11}{\376\377\000V\000i\000e\000w\000\040\000m\000a\000p}{}% 51
\BOOKMARK [0][-]{chapter.12}{\376\377\000I\000n\000d\000i\000c\000e\000s\000\040\000a\000n\000d\000\040\000t\000a\000b\000l\000e\000s}{}% 52
\BOOKMARK [0][-]{section*.135}{\376\377\000P\000y\000t\000h\000o\000n\000\040\000M\000o\000d\000u\000l\000e\000\040\000I\000n\000d\000e\000x}{}% 53
\BOOKMARK [0][-]{section*.136}{\376\377\000I\000n\000d\000e\000x}{}% 54
